<?xml version="1.0" encoding="UTF-8"?>
<testsuite xmlns:xsi="http://www.w3.org/2001/XMLSchema-instance" xsi:noNamespaceSchemaLocation="https://maven.apache.org/surefire/maven-surefire-plugin/xsd/surefire-test-report-3.0.xsd" version="3.0" name="com.bobocode.UserProfileDbInitializerTest" time="0.612" tests="19" errors="0" skipped="0" failures="0">
  <properties>
    <property name="java.specification.version" value="17"/>
    <property name="sun.jnu.encoding" value="UTF-8"/>
    <property name="java.class.path" value="/Users/sabitkurmashev/IdeaProjects/save-and-cache/1-0-rdbms-and-sql/1-2-1-one-to-one-schema/target/test-classes:/Users/sabitkurmashev/IdeaProjects/save-and-cache/1-0-rdbms-and-sql/1-2-1-one-to-one-schema/target/classes:/Users/sabitkurmashev/IdeaProjects/save-and-cache/java-persistence-util/jdbc-util/target/classes:/Users/sabitkurmashev/.m2/repository/org/postgresql/postgresql/9.4-1202-jdbc4/postgresql-9.4-1202-jdbc4.jar:/Users/sabitkurmashev/.m2/repository/com/h2database/h2/1.4.197/h2-1.4.197.jar:/Users/sabitkurmashev/.m2/repository/org/hibernate/javax/persistence/hibernate-jpa-2.1-api/1.0.2.Final/hibernate-jpa-2.1-api-1.0.2.Final.jar:/Users/sabitkurmashev/.m2/repository/org/junit/jupiter/junit-jupiter-engine/5.7.0/junit-jupiter-engine-5.7.0.jar:/Users/sabitkurmashev/.m2/repository/org/apiguardian/apiguardian-api/1.1.0/apiguardian-api-1.1.0.jar:/Users/sabitkurmashev/.m2/repository/org/junit/platform/junit-platform-engine/1.7.0/junit-platform-engine-1.7.0.jar:/Users/sabitkurmashev/.m2/repository/org/opentest4j/opentest4j/1.2.0/opentest4j-1.2.0.jar:/Users/sabitkurmashev/.m2/repository/org/junit/platform/junit-platform-commons/1.7.0/junit-platform-commons-1.7.0.jar:/Users/sabitkurmashev/.m2/repository/org/junit/jupiter/junit-jupiter-api/5.7.0/junit-jupiter-api-5.7.0.jar:/Users/sabitkurmashev/.m2/repository/org/junit/jupiter/junit-jupiter-params/5.7.2/junit-jupiter-params-5.7.2.jar:/Users/sabitkurmashev/.m2/repository/org/assertj/assertj-core/3.18.1/assertj-core-3.18.1.jar:/Users/sabitkurmashev/.m2/repository/org/hamcrest/hamcrest-library/1.3/hamcrest-library-1.3.jar:/Users/sabitkurmashev/.m2/repository/org/hamcrest/hamcrest-core/1.3/hamcrest-core-1.3.jar:/Users/sabitkurmashev/.m2/repository/org/projectlombok/lombok/1.18.22/lombok-1.18.22.jar:/Users/sabitkurmashev/.m2/repository/com/google/code/findbugs/jsr305/3.0.2/jsr305-3.0.2.jar:/Users/sabitkurmashev/.m2/repository/org/mockito/mockito-core/3.6.28/mockito-core-3.6.28.jar:/Users/sabitkurmashev/.m2/repository/net/bytebuddy/byte-buddy/1.10.18/byte-buddy-1.10.18.jar:/Users/sabitkurmashev/.m2/repository/net/bytebuddy/byte-buddy-agent/1.10.18/byte-buddy-agent-1.10.18.jar:/Users/sabitkurmashev/.m2/repository/org/objenesis/objenesis/3.1/objenesis-3.1.jar:/Users/sabitkurmashev/.m2/repository/org/mockito/mockito-inline/3.6.28/mockito-inline-3.6.28.jar:/Users/sabitkurmashev/.m2/repository/org/slf4j/slf4j-simple/1.7.30/slf4j-simple-1.7.30.jar:/Users/sabitkurmashev/.m2/repository/org/slf4j/slf4j-api/1.7.30/slf4j-api-1.7.30.jar:/Users/sabitkurmashev/.m2/repository/org/apache/commons/commons-lang3/3.8/commons-lang3-3.8.jar:"/>
    <property name="java.vm.vendor" value="Amazon.com Inc."/>
    <property name="sun.arch.data.model" value="64"/>
    <property name="java.vendor.url" value="https://aws.amazon.com/corretto/"/>
    <property name="os.name" value="Mac OS X"/>
    <property name="java.vm.specification.version" value="17"/>
    <property name="sun.java.launcher" value="SUN_STANDARD"/>
    <property name="user.country" value="US"/>
    <property name="sun.boot.library.path" value="/Users/sabitkurmashev/Library/Java/JavaVirtualMachines/corretto-17.0.3/Contents/Home/lib"/>
    <property name="sun.java.command" value="/Users/sabitkurmashev/IdeaProjects/save-and-cache/1-0-rdbms-and-sql/1-2-1-one-to-one-schema/target/surefire/surefirebooter8686449657560877920.jar /Users/sabitkurmashev/IdeaProjects/save-and-cache/1-0-rdbms-and-sql/1-2-1-one-to-one-schema/target/surefire 2022-06-28T18-05-08_040-jvmRun1 surefire8691913888850698876tmp surefire_010872508689265120412tmp"/>
    <property name="http.nonProxyHosts" value="local|*.local|169.254/16|*.169.254/16"/>
    <property name="jdk.debug" value="release"/>
    <property name="surefire.test.class.path" value="/Users/sabitkurmashev/IdeaProjects/save-and-cache/1-0-rdbms-and-sql/1-2-1-one-to-one-schema/target/test-classes:/Users/sabitkurmashev/IdeaProjects/save-and-cache/1-0-rdbms-and-sql/1-2-1-one-to-one-schema/target/classes:/Users/sabitkurmashev/IdeaProjects/save-and-cache/java-persistence-util/jdbc-util/target/classes:/Users/sabitkurmashev/.m2/repository/org/postgresql/postgresql/9.4-1202-jdbc4/postgresql-9.4-1202-jdbc4.jar:/Users/sabitkurmashev/.m2/repository/com/h2database/h2/1.4.197/h2-1.4.197.jar:/Users/sabitkurmashev/.m2/repository/org/hibernate/javax/persistence/hibernate-jpa-2.1-api/1.0.2.Final/hibernate-jpa-2.1-api-1.0.2.Final.jar:/Users/sabitkurmashev/.m2/repository/org/junit/jupiter/junit-jupiter-engine/5.7.0/junit-jupiter-engine-5.7.0.jar:/Users/sabitkurmashev/.m2/repository/org/apiguardian/apiguardian-api/1.1.0/apiguardian-api-1.1.0.jar:/Users/sabitkurmashev/.m2/repository/org/junit/platform/junit-platform-engine/1.7.0/junit-platform-engine-1.7.0.jar:/Users/sabitkurmashev/.m2/repository/org/opentest4j/opentest4j/1.2.0/opentest4j-1.2.0.jar:/Users/sabitkurmashev/.m2/repository/org/junit/platform/junit-platform-commons/1.7.0/junit-platform-commons-1.7.0.jar:/Users/sabitkurmashev/.m2/repository/org/junit/jupiter/junit-jupiter-api/5.7.0/junit-jupiter-api-5.7.0.jar:/Users/sabitkurmashev/.m2/repository/org/junit/jupiter/junit-jupiter-params/5.7.2/junit-jupiter-params-5.7.2.jar:/Users/sabitkurmashev/.m2/repository/org/assertj/assertj-core/3.18.1/assertj-core-3.18.1.jar:/Users/sabitkurmashev/.m2/repository/org/hamcrest/hamcrest-library/1.3/hamcrest-library-1.3.jar:/Users/sabitkurmashev/.m2/repository/org/hamcrest/hamcrest-core/1.3/hamcrest-core-1.3.jar:/Users/sabitkurmashev/.m2/repository/org/projectlombok/lombok/1.18.22/lombok-1.18.22.jar:/Users/sabitkurmashev/.m2/repository/com/google/code/findbugs/jsr305/3.0.2/jsr305-3.0.2.jar:/Users/sabitkurmashev/.m2/repository/org/mockito/mockito-core/3.6.28/mockito-core-3.6.28.jar:/Users/sabitkurmashev/.m2/repository/net/bytebuddy/byte-buddy/1.10.18/byte-buddy-1.10.18.jar:/Users/sabitkurmashev/.m2/repository/net/bytebuddy/byte-buddy-agent/1.10.18/byte-buddy-agent-1.10.18.jar:/Users/sabitkurmashev/.m2/repository/org/objenesis/objenesis/3.1/objenesis-3.1.jar:/Users/sabitkurmashev/.m2/repository/org/mockito/mockito-inline/3.6.28/mockito-inline-3.6.28.jar:/Users/sabitkurmashev/.m2/repository/org/slf4j/slf4j-simple/1.7.30/slf4j-simple-1.7.30.jar:/Users/sabitkurmashev/.m2/repository/org/slf4j/slf4j-api/1.7.30/slf4j-api-1.7.30.jar:/Users/sabitkurmashev/.m2/repository/org/apache/commons/commons-lang3/3.8/commons-lang3-3.8.jar:"/>
    <property name="sun.cpu.endian" value="little"/>
    <property name="user.home" value="/Users/sabitkurmashev"/>
    <property name="user.language" value="en"/>
    <property name="java.specification.vendor" value="Oracle Corporation"/>
    <property name="java.version.date" value="2022-04-19"/>
    <property name="java.home" value="/Users/sabitkurmashev/Library/Java/JavaVirtualMachines/corretto-17.0.3/Contents/Home"/>
    <property name="file.separator" value="/"/>
    <property name="basedir" value="/Users/sabitkurmashev/IdeaProjects/save-and-cache/1-0-rdbms-and-sql/1-2-1-one-to-one-schema"/>
    <property name="java.vm.compressedOopsMode" value="Zero based"/>
    <property name="line.separator" value="&#10;"/>
    <property name="java.specification.name" value="Java Platform API Specification"/>
    <property name="java.vm.specification.vendor" value="Oracle Corporation"/>
    <property name="surefire.real.class.path" value="/Users/sabitkurmashev/IdeaProjects/save-and-cache/1-0-rdbms-and-sql/1-2-1-one-to-one-schema/target/surefire/surefirebooter8686449657560877920.jar"/>
    <property name="sun.management.compiler" value="HotSpot 64-Bit Tiered Compilers"/>
    <property name="ftp.nonProxyHosts" value="local|*.local|169.254/16|*.169.254/16"/>
    <property name="java.runtime.version" value="17.0.3+6-LTS"/>
    <property name="user.name" value="sabitkurmashev"/>
    <property name="path.separator" value=":"/>
    <property name="os.version" value="12.4"/>
    <property name="java.runtime.name" value="OpenJDK Runtime Environment"/>
    <property name="file.encoding" value="UTF-8"/>
    <property name="java.vm.name" value="OpenJDK 64-Bit Server VM"/>
    <property name="java.vendor.version" value="Corretto-17.0.3.6.1"/>
    <property name="localRepository" value="/Users/sabitkurmashev/.m2/repository"/>
    <property name="java.vendor.url.bug" value="https://github.com/corretto/corretto-17/issues/"/>
    <property name="java.io.tmpdir" value="/var/folders/3m/1_tt4trn0sq7ct6y_56qfhjh0000gn/T/"/>
    <property name="java.version" value="17.0.3"/>
    <property name="user.dir" value="/Users/sabitkurmashev/IdeaProjects/save-and-cache/1-0-rdbms-and-sql/1-2-1-one-to-one-schema"/>
    <property name="os.arch" value="x86_64"/>
    <property name="java.vm.specification.name" value="Java Virtual Machine Specification"/>
    <property name="native.encoding" value="UTF-8"/>
    <property name="java.library.path" value="/Users/sabitkurmashev/Library/Java/Extensions:/Library/Java/Extensions:/Network/Library/Java/Extensions:/System/Library/Java/Extensions:/usr/lib/java:."/>
    <property name="java.vm.info" value="mixed mode, sharing"/>
    <property name="java.vendor" value="Amazon.com Inc."/>
    <property name="java.vm.version" value="17.0.3+6-LTS"/>
    <property name="sun.io.unicode.encoding" value="UnicodeBig"/>
    <property name="socksNonProxyHosts" value="local|*.local|169.254/16|*.169.254/16"/>
    <property name="java.class.version" value="61.0"/>
  </properties>
  <testcase name="usersTableHasCorrectName" classname="com.bobocode.UserProfileDbInitializerTest" time="0.107"/>
  <testcase name="userIdTypeIsBigint" classname="com.bobocode.UserProfileDbInitializerTest" time="0.016"/>
  <testcase name="usersTableHasAllRequiredColumns" classname="com.bobocode.UserProfileDbInitializerTest" time="0.011"/>
  <testcase name="testUsersTableStringColumnsHaveCorrectTypeAndLength" classname="com.bobocode.UserProfileDbInitializerTest" time="0.005"/>
  <testcase name="userBirthdayTypeIsDate" classname="com.bobocode.UserProfileDbInitializerTest" time="0.005"/>
  <testcase name="usersTableRequiredColumnsHaveHaveNotNullConstraint" classname="com.bobocode.UserProfileDbInitializerTest" time="0.004"/>
  <testcase name="usersTableHasPrimaryKey" classname="com.bobocode.UserProfileDbInitializerTest" time="0.012"/>
  <testcase name="usersTablePrimaryKeyHasCorrectName" classname="com.bobocode.UserProfileDbInitializerTest" time="0.005"/>
  <testcase name="usersTablePrimaryKeyBasedOnIdField" classname="com.bobocode.UserProfileDbInitializerTest" time="0.002"/>
  <testcase name="testUsersTableHasCorrectAlternativeKey" classname="com.bobocode.UserProfileDbInitializerTest" time="0.002"/>
  <testcase name="userProfileTableHasCorrectName" classname="com.bobocode.UserProfileDbInitializerTest" time="0.005"/>
  <testcase name="testProfilesGroupIdTypeIsBigint" classname="com.bobocode.UserProfileDbInitializerTest" time="0.013"/>
  <testcase name="testProfilesTableHasAllRequiredColumns" classname="com.bobocode.UserProfileDbInitializerTest" time="0.004"/>
  <testcase name="profilesTableStringColumnsHaveCorrectTypeAndLength" classname="com.bobocode.UserProfileDbInitializerTest" time="0.008"/>
  <testcase name="profilesTablesHasPrimaryKey" classname="com.bobocode.UserProfileDbInitializerTest" time="0.005"/>
  <testcase name="profilesTablePrimaryKeyHasCorrectName" classname="com.bobocode.UserProfileDbInitializerTest" time="0.004"/>
  <testcase name="profilesTablePrimaryKeyBasedOnForeignKeyColumn" classname="com.bobocode.UserProfileDbInitializerTest" time="0.012"/>
  <testcase name="testProfilesHasForeignKeyToUsers" classname="com.bobocode.UserProfileDbInitializerTest" time="0.004"/>
  <testcase name="profilesForeignKeyToUsersHasCorrectName" classname="com.bobocode.UserProfileDbInitializerTest" time="0.007"/>
</testsuite>